test_absolute (__main__.TestExercice) ... ok
test_factorial (__main__.TestExercice) ... ERROR
test_prefixes (__main__.TestExercice) ... ok
test_summation (__main__.TestExercice) ... ok
test_verify_ages (__main__.TestExercice) ... FAIL

======================================================================
ERROR: test_factorial (__main__.TestExercice)
----------------------------------------------------------------------
Traceback (most recent call last):
  File "test_exercice.py", line 56, in test_factorial
    output = [exercice.factorial(v) for v in values]
  File "test_exercice.py", line 56, in <listcomp>
    output = [exercice.factorial(v) for v in values]
  File "/home/runner/work/c04-ch5-exercices-yahyabadrane/c04-ch5-exercices-yahyabadrane/exercice.py", line 44, in factorial
    fact
NameError: name 'fact' is not defined

======================================================================
FAIL: test_verify_ages (__main__.TestExercice)
----------------------------------------------------------------------
Traceback (most recent call last):
  File "test_exercice.py", line 77, in test_verify_ages
    'Mauvaise réponse'
AssertionError: Lists differ: [] != [False, True, False, False, True, True, True, True, False]

Second list contains 9 additional elements.
First extra element 0:
False

- []
+ [False, True, False, False, True, True, True, True, False] : Mauvaise réponse

----------------------------------------------------------------------
Ran 5 tests in 0.002s

FAILED (failures=1, errors=1)
